12345678901253
12345678901271
12345678901279
12345678901301
12345678901357
12345678901363
12345678901393
12345678901429
12345678901433
12345678901477
12345678901481
12345678901483
12345678901511
12345678901529
12345678901579
12345678901607
12345678901627
12345678901663
12345678901667
12345678901669
12345678901697
12345678901709
12345678901727
12345678901739
12345678901741
12345678901747
12345678901771
12345678901799
12345678901867
12345678901889
12345678901943
12345678901957
12345678901961
12345678901967
12345678902033
12345678902047
12345678902059
12345678902069
12345678902099
12345678902101
12345678902107
12345678902171
12345678902191
12345678902233
12345678902237
12345678902309
12345678902327
12345678902339
12345678902341
12345678902363
12345678902419
12345678902423
12345678902437
12345678902441
12345678902477
12345678902483
12345678902489
12345678902503
12345678902519
12345678902549
12345678902611
12345678902677
12345678902701
12345678902723
12345678902747
12345678902797
12345678902839
12345678902891
12345678902897
12345678902911
12345678902959
12345678902981
12345678902987
12345678902993
12345678903007
12345678903119
12345678903193
12345678903197
12345678903221
12345678903251
12345678903301
12345678903409
12345678903431
12345678903443
12345678903461
12345678903469
12345678903499
12345678903599
12345678903629
12345678903661
12345678903671
12345678903709
12345678903713
12345678903749
12345678903757
12345678903871
12345678903991
12345678904007
12345678904019
12345678904063
12345678904067
12345678904103
12345678904127
12345678904129
12345678904151
12345678904171
12345678904189
12345678904219
12345678904241
12345678904267
12345678904277
12345678904283
12345678904331
12345678904333
12345678904381
12345678904409
12345678904417
12345678904477
12345678904511
12345678904523
12345678904547
12345678904553
12345678904561
12345678904589
12345678904591
12345678904661
12345678904729
12345678904751
12345678904781
12345678904837
12345678904861
12345678904913
12345678905017
12345678905057
12345678905101
12345678905141
12345678905143
12345678905171
12345678905233
12345678905257
12345678905291
12345678905347
12345678905359
12345678905369
12345678905407
12345678905423
12345678905479
12345678905513
12345678905533
12345678905537
12345678905543
12345678905597
12345678905611
12345678905629
12345678905663
12345678905699
12345678905741
12345678905759
12345678905797
12345678905803
12345678905827
12345678905887
12345678905921
12345678905947
12345678905951
12345678905993
12345678906013
12345678906053
12345678906073
12345678906109
12345678906149
12345678906161
